\BOOKMARK [1][-]{section.1}{Introduction}{}% 1
\BOOKMARK [2][-]{subsection.1.1}{Dysarthric Speech Characteristic}{section.1}% 2
\BOOKMARK [2][-]{subsection.1.2}{Datasets Description}{section.1}% 3
\BOOKMARK [3][-]{subsubsection.1.2.1}{Normal Speech Data}{subsection.1.2}% 4
\BOOKMARK [3][-]{subsubsection.1.2.2}{Dysarthric Speech Data}{subsection.1.2}% 5
\BOOKMARK [2][-]{subsection.1.3}{Model Type}{section.1}% 6
\BOOKMARK [2][-]{subsection.1.4}{Training Steps}{section.1}% 7
\BOOKMARK [3][-]{subsubsection.1.4.1}{Text Normalization}{subsection.1.4}% 8
\BOOKMARK [3][-]{subsubsection.1.4.2}{Tokenizer Training}{subsection.1.4}% 9
\BOOKMARK [3][-]{subsubsection.1.4.3}{Global Stats}{subsection.1.4}% 10
\BOOKMARK [3][-]{subsubsection.1.4.4}{Distributed Data Parallel}{subsection.1.4}% 11
\BOOKMARK [3][-]{subsubsection.1.4.5}{Base Model Training}{subsection.1.4}% 12
\BOOKMARK [3][-]{subsubsection.1.4.6}{Transfer Learning}{subsection.1.4}% 13
\BOOKMARK [1][-]{section.2}{Dataset Preprocessing and Tokenizer Training}{}% 14
\BOOKMARK [1][-]{section.3}{Model Architecture: Conformer RNN-Transducer}{}% 15
\BOOKMARK [2][-]{subsection.3.1}{Conformer}{section.3}% 16
\BOOKMARK [2][-]{subsection.3.2}{RNN-Transducer}{section.3}% 17
\BOOKMARK [2][-]{subsection.3.3}{Large Conformer RNN-T Model}{section.3}% 18
\BOOKMARK [2][-]{subsection.3.4}{Small Conformer RNN-T Model}{section.3}% 19
\BOOKMARK [1][-]{section.4}{Model Training}{}% 20
\BOOKMARK [1][-]{section.5}{Results}{}% 21
\BOOKMARK [1][-]{section.6}{Application}{}% 22
\BOOKMARK [1][-]{section.7}{Conclusion}{}% 23
\BOOKMARK [1][-]{section*.14}{References}{}% 24
